automaton: L = 16384, rho = 0.49000, seed = 0, maxstep = 7680
automaton: rho = 0.49000, live cells = 131525923, actual density = 0.48997
automaton: rank = 0, shape = [2048, 2048], coordinates = (0, 0), seed = 2140627706
automaton: rank = 32, shape = [2048, 2048], coordinates = (4, 0), seed = 647118059
automaton: rank = 53, shape = [2048, 2048], coordinates = (6, 5), seed = 918158509
automaton: rank = 42, shape = [2048, 2048], coordinates = (5, 2), seed = 609201058
automaton: rank = 44, shape = [2048, 2048], coordinates = (5, 4), seed = 2030765367
automaton: rank = 2, shape = [2048, 2048], coordinates = (0, 2), seed = 1226931309
automaton: rank = 45, shape = [2048, 2048], coordinates = (5, 5), seed = 1435156146
automaton: rank = 46, shape = [2048, 2048], coordinates = (5, 6), seed = 1597816550
automaton: rank = 57, shape = [2048, 2048], coordinates = (7, 1), seed = 988035829
automaton: rank = 47, shape = [2048, 2048], coordinates = (5, 7), seed = 1838904519
automaton: rank = 48, shape = [2048, 2048], coordinates = (6, 0), seed = 70184512
automaton: rank = 58, shape = [2048, 2048], coordinates = (7, 2), seed = 1168680695
automaton: rank = 49, shape = [2048, 2048], coordinates = (6, 1), seed = 707455196
automaton: rank = 50, shape = [2048, 2048], coordinates = (6, 2), seed = 138432236
automaton: rank = 63, shape = [2048, 2048], coordinates = (7, 7), seed = 730954656
automaton: rank = 51, shape = [2048, 2048], coordinates = (6, 3), seed = 1075261685
automaton: rank = 52, shape = [2048, 2048], coordinates = (6, 4), seed = 1441195081
automaton: rank = 1, shape = [2048, 2048], coordinates = (0, 1), seed = 1551317292
automaton: rank = 54, shape = [2048, 2048], coordinates = (6, 6), seed = 696888658
automaton: rank = 3, shape = [2048, 2048], coordinates = (0, 3), seed = 721852498
automaton: rank = 24, shape = [2048, 2048], coordinates = (3, 0), seed = 1888317016
automaton: rank = 4, shape = [2048, 2048], coordinates = (0, 4), seed = 292790844
automaton: rank = 25, shape = [2048, 2048], coordinates = (3, 1), seed = 1198072267
automaton: rank = 26, shape = [2048, 2048], coordinates = (3, 2), seed = 291147171
automaton: rank = 7, shape = [2048, 2048], coordinates = (0, 7), seed = 295154287
automaton: rank = 27, shape = [2048, 2048], coordinates = (3, 3), seed = 2134135893
automaton: rank = 56, shape = [2048, 2048], coordinates = (7, 0), seed = 2116230776
automaton: rank = 28, shape = [2048, 2048], coordinates = (3, 4), seed = 468440174
automaton: rank = 29, shape = [2048, 2048], coordinates = (3, 5), seed = 1243284415
automaton: rank = 30, shape = [2048, 2048], coordinates = (3, 6), seed = 251401829
automaton: rank = 59, shape = [2048, 2048], coordinates = (7, 3), seed = 437187302
automaton: rank = 31, shape = [2048, 2048], coordinates = (3, 7), seed = 461584232
automaton: rank = 60, shape = [2048, 2048], coordinates = (7, 4), seed = 83836597
automaton: rank = 33, shape = [2048, 2048], coordinates = (4, 1), seed = 1478333139
automaton: rank = 34, shape = [2048, 2048], coordinates = (4, 2), seed = 1183436730
automaton: rank = 61, shape = [2048, 2048], coordinates = (7, 5), seed = 1420082524
automaton: rank = 35, shape = [2048, 2048], coordinates = (4, 3), seed = 939908904
automaton: rank = 36, shape = [2048, 2048], coordinates = (4, 4), seed = 975107208
automaton: rank = 62, shape = [2048, 2048], coordinates = (7, 6), seed = 898771534
automaton: rank = 37, shape = [2048, 2048], coordinates = (4, 5), seed = 1145149757
automaton: rank = 5, shape = [2048, 2048], coordinates = (0, 5), seed = 1644257717
automaton: rank = 6, shape = [2048, 2048], coordinates = (0, 6), seed = 2109196675
automaton: rank = 38, shape = [2048, 2048], coordinates = (4, 6), seed = 1235063191
automaton: rank = 39, shape = [2048, 2048], coordinates = (4, 7), seed = 102450412
automaton: rank = 40, shape = [2048, 2048], coordinates = (5, 0), seed = 715219946
automaton: rank = 8, shape = [2048, 2048], coordinates = (1, 0), seed = 1274826851
automaton: rank = 41, shape = [2048, 2048], coordinates = (5, 1), seed = 1734717632
automaton: rank = 9, shape = [2048, 2048], coordinates = (1, 1), seed = 1717553837
automaton: rank = 43, shape = [2048, 2048], coordinates = (5, 3), seed = 1800311631
automaton: rank = 10, shape = [2048, 2048], coordinates = (1, 2), seed = 499654441
automaton: rank = 55, shape = [2048, 2048], coordinates = (6, 7), seed = 1182028449
automaton: rank = 11, shape = [2048, 2048], coordinates = (1, 3), seed = 506750646
automaton: rank = 12, shape = [2048, 2048], coordinates = (1, 4), seed = 1085091685
automaton: rank = 13, shape = [2048, 2048], coordinates = (1, 5), seed = 296047734
automaton: rank = 14, shape = [2048, 2048], coordinates = (1, 6), seed = 825955087
automaton: rank = 15, shape = [2048, 2048], coordinates = (1, 7), seed = 1944988567
automaton: rank = 16, shape = [2048, 2048], coordinates = (2, 0), seed = 1955622800
automaton: rank = 17, shape = [2048, 2048], coordinates = (2, 1), seed = 782512014
automaton: rank = 18, shape = [2048, 2048], coordinates = (2, 2), seed = 1257122294
automaton: rank = 19, shape = [2048, 2048], coordinates = (2, 3), seed = 447011365
automaton: rank = 20, shape = [2048, 2048], coordinates = (2, 4), seed = 1005077173
automaton: rank = 21, shape = [2048, 2048], coordinates = (2, 5), seed = 733739885
automaton: rank = 22, shape = [2048, 2048], coordinates = (2, 6), seed = 779726272
automaton: rank = 23, shape = [2048, 2048], coordinates = (2, 7), seed = 1769110621
automaton: step = 0, live cells = 132529345, delta = 132529345
automaton: step = 100, live cells = 131896315, delta = 50330073
automaton: step = 200, live cells = 130133175, delta = 19091003
automaton: step = 300, live cells = 129064538, delta = 11878666
automaton: step = 400, live cells = 128226565, delta = 9531126
automaton: step = 500, live cells = 127502490, delta = 8245598
automaton: step = 600, live cells = 126849899, delta = 7369786
automaton: step = 700, live cells = 126265500, delta = 6719016
automaton: step = 800, live cells = 125764381, delta = 6214891
automaton: step = 900, live cells = 125230786, delta = 5807771
automaton: step = 1000, live cells = 124751957, delta = 5466740
automaton: step = 1100, live cells = 124317716, delta = 5177384
automaton: step = 1200, live cells = 123916693, delta = 4930902
automaton: step = 1300, live cells = 123515568, delta = 4713595
automaton: step = 1400, live cells = 123167837, delta = 4517695
automaton: step = 1500, live cells = 122810543, delta = 4349593
automaton: step = 1600, live cells = 122479586, delta = 4197142
automaton: step = 1700, live cells = 122155876, delta = 4052493
automaton: step = 1800, live cells = 121848894, delta = 3930629
automaton: step = 1900, live cells = 121532769, delta = 3811671
automaton: step = 2000, live cells = 121253439, delta = 3708181
automaton: step = 2100, live cells = 120963867, delta = 3605720
automaton: step = 2200, live cells = 120681506, delta = 3518538
automaton: step = 2300, live cells = 120394574, delta = 3429759
automaton: step = 2400, live cells = 120154813, delta = 3351704
automaton: step = 2500, live cells = 119897396, delta = 3280070
automaton: step = 2600, live cells = 119637390, delta = 3207785
automaton: step = 2700, live cells = 119401628, delta = 3144408
automaton: step = 2800, live cells = 119171035, delta = 3082660
automaton: step = 2900, live cells = 118923966, delta = 3020205
automaton: step = 3000, live cells = 118694459, delta = 2974072
automaton: step = 3100, live cells = 118464982, delta = 2916866
automaton: step = 3200, live cells = 118265537, delta = 2862823
automaton: step = 3300, live cells = 118049856, delta = 2816122
automaton: step = 3400, live cells = 117855375, delta = 2767777
automaton: step = 3500, live cells = 117651009, delta = 2725113
automaton: step = 3600, live cells = 117460814, delta = 2683610
automaton: step = 3700, live cells = 117274228, delta = 2646452
automaton: step = 3800, live cells = 117065220, delta = 2610322
automaton: step = 3900, live cells = 116892138, delta = 2574524
automaton: step = 4000, live cells = 116705563, delta = 2540992
automaton: step = 4100, live cells = 116543477, delta = 2502268
automaton: step = 4200, live cells = 116369379, delta = 2473249
automaton: step = 4300, live cells = 116203947, delta = 2437309
automaton: step = 4400, live cells = 116052067, delta = 2412330
automaton: step = 4500, live cells = 115884217, delta = 2384113
automaton: step = 4600, live cells = 115733857, delta = 2359960
automaton: step = 4700, live cells = 115594518, delta = 2330367
automaton: step = 4800, live cells = 115433037, delta = 2300262
automaton: step = 4900, live cells = 115272938, delta = 2279626
automaton: step = 5000, live cells = 115112164, delta = 2254030
automaton: step = 5100, live cells = 114973753, delta = 2224102
automaton: step = 5200, live cells = 114831637, delta = 2204048
automaton: step = 5300, live cells = 114686571, delta = 2178869
automaton: step = 5400, live cells = 114544059, delta = 2160541
automaton: step = 5500, live cells = 114404210, delta = 2138574
automaton: step = 5600, live cells = 114266010, delta = 2118294
automaton: step = 5700, live cells = 114134654, delta = 2099029
automaton: step = 5800, live cells = 113998376, delta = 2075465
automaton: step = 5900, live cells = 113867938, delta = 2059815
automaton: step = 6000, live cells = 113732423, delta = 2041256
automaton: step = 6100, live cells = 113605742, delta = 2025051
automaton: step = 6200, live cells = 113473964, delta = 2004277
automaton: step = 6300, live cells = 113356652, delta = 1986306
automaton: step = 6400, live cells = 113241572, delta = 1972509
automaton: step = 6500, live cells = 113123552, delta = 1955182
automaton: step = 6600, live cells = 112994962, delta = 1935473
automaton: step = 6700, live cells = 112892867, delta = 1924289
automaton: step = 6800, live cells = 112765681, delta = 1904298
automaton: step = 6900, live cells = 112637741, delta = 1890967
automaton: step = 7000, live cells = 112518081, delta = 1880373
automaton: step = 7100, live cells = 112396327, delta = 1862232
automaton: step = 7200, live cells = 112285980, delta = 1848280
automaton: step = 7300, live cells = 112175980, delta = 1833730
automaton: step = 7400, live cells = 112066113, delta = 1821009
automaton: step = 7500, live cells = 111947628, delta = 1806926
automaton: step = 7600, live cells = 111824763, delta = 1797886
automaton: rank 24 is saving data to file...
automaton: rank 56 is saving data to file...
automaton: rank 57 is saving data to file...
automaton: rank 25 is saving data to file...
automaton: rank 26 is saving data to file...
automaton: rank 27 is saving data to file...
automaton: rank 28 is saving data to file...
automaton: rank 58 is saving data to file...
automaton: rank 29 is saving data to file...
automaton: rank 30 is saving data to file...
automaton: rank 59 is saving data to file...
automaton: rank 31 is saving data to file...
automaton: rank 32 is saving data to file...
automaton: rank 33 is saving data to file...
automaton: rank 60 is saving data to file...
automaton: rank 61 is saving data to file...
automaton: rank 34 is saving data to file...
automaton: rank 62 is saving data to file...
automaton: rank 35 is saving data to file...
automaton: rank 63 is saving data to file...
automaton: rank 36 is saving data to file...
automaton: rank 37 is saving data to file...
automaton: rank 0 is saving data to file...
automaton: rank 38 is saving data to file...
automaton: rank 39 is saving data to file...
automaton: rank 1 is saving data to file...
automaton: rank 40 is saving data to file...
automaton: rank 41 is saving data to file...
automaton: rank 42 is saving data to file...
automaton: rank 2 is saving data to file...
automaton: rank 43 is saving data to file...
automaton: rank 44 is saving data to file...
automaton: rank 3 is saving data to file...
automaton: rank 45 is saving data to file...
automaton: rank 4 is saving data to file...
automaton: rank 46 is saving data to file...
automaton: rank 47 is saving data to file...
automaton: rank 5 is saving data to file...
automaton: rank 48 is saving data to file...
automaton: rank 49 is saving data to file...
automaton: rank 6 is saving data to file...
automaton: rank 50 is saving data to file...
automaton: rank 7 is saving data to file...
automaton: rank 51 is saving data to file...
automaton: rank 52 is saving data to file...
automaton: rank 8 is saving data to file...
automaton: rank 53 is saving data to file...
automaton: rank 9 is saving data to file...
automaton: rank 54 is saving data to file...
automaton: rank 10 is saving data to file...
automaton: rank 55 is saving data to file...
automaton: rank 11 is saving data to file...
automaton: rank 12 is saving data to file...
automaton: rank 13 is saving data to file...
automaton: rank 14 is saving data to file...
automaton: rank 15 is saving data to file...
automaton: rank 16 is saving data to file...
automaton: rank 17 is saving data to file...
automaton: rank 18 is saving data to file...
automaton: rank 19 is saving data to file...
automaton: rank 20 is saving data to file...
automaton: rank 21 is saving data to file...
automaton: rank 22 is saving data to file...
automaton: rank 23 is saving data to file...
